<?xml version="1.0" encoding="UTF-8"?>
<testsuite xmlns:xsi="http://www.w3.org/2001/XMLSchema-instance" xsi:noNamespaceSchemaLocation="https://maven.apache.org/surefire/maven-surefire-plugin/xsd/surefire-test-report-3.0.xsd" version="3.0" name="calculator.CalculatorTest" time="0.775" tests="12" errors="0" skipped="0" failures="0">
  <properties>
    <property name="sun.desktop" value="windows"/>
    <property name="awt.toolkit" value="sun.awt.windows.WToolkit"/>
    <property name="file.encoding.pkg" value="sun.io"/>
    <property name="java.specification.version" value="1.8"/>
    <property name="sun.cpu.isalist" value="amd64"/>
    <property name="sun.jnu.encoding" value="Cp1252"/>
    <property name="java.class.path" value="E:\Workplace_eclipse\calculator\target\test-classes;E:\Workplace_eclipse\calculator\target\classes;C:\Users\Stevens\.m2\repository\org\junit\jupiter\junit-jupiter\5.6.2\junit-jupiter-5.6.2.jar;C:\Users\Stevens\.m2\repository\org\junit\jupiter\junit-jupiter-api\5.6.2\junit-jupiter-api-5.6.2.jar;C:\Users\Stevens\.m2\repository\org\apiguardian\apiguardian-api\1.1.0\apiguardian-api-1.1.0.jar;C:\Users\Stevens\.m2\repository\org\opentest4j\opentest4j\1.2.0\opentest4j-1.2.0.jar;C:\Users\Stevens\.m2\repository\org\junit\platform\junit-platform-commons\1.6.2\junit-platform-commons-1.6.2.jar;C:\Users\Stevens\.m2\repository\org\junit\jupiter\junit-jupiter-params\5.6.2\junit-jupiter-params-5.6.2.jar;C:\Users\Stevens\.m2\repository\org\junit\jupiter\junit-jupiter-engine\5.6.2\junit-jupiter-engine-5.6.2.jar;C:\Users\Stevens\.m2\repository\org\junit\platform\junit-platform-engine\1.6.2\junit-platform-engine-1.6.2.jar;C:\Users\Stevens\.m2\repository\org\assertj\assertj-core\3.13.1\assertj-core-3.13.1.jar;"/>
    <property name="java.vm.vendor" value="Oracle Corporation"/>
    <property name="sun.arch.data.model" value="64"/>
    <property name="user.variant" value=""/>
    <property name="java.vendor.url" value="http://java.oracle.com/"/>
    <property name="user.timezone" value="Europe/Paris"/>
    <property name="java.vm.specification.version" value="1.8"/>
    <property name="os.name" value="Windows 10"/>
    <property name="user.country" value="FR"/>
    <property name="sun.java.launcher" value="SUN_STANDARD"/>
    <property name="sun.boot.library.path" value="E:\Jdk_Sdk\JDK\bin"/>
    <property name="sun.java.command" value="C:\Users\Stevens\AppData\Local\Temp\surefire7502913344843730992\surefirebooter2887241354966213762.jar C:\Users\Stevens\AppData\Local\Temp\surefire7502913344843730992 2020-06-09T21-07-46_038-jvmRun1 surefire8707195539894706160tmp surefire_03569961018834463745tmp"/>
    <property name="surefire.test.class.path" value="E:\Workplace_eclipse\calculator\target\test-classes;E:\Workplace_eclipse\calculator\target\classes;C:\Users\Stevens\.m2\repository\org\junit\jupiter\junit-jupiter\5.6.2\junit-jupiter-5.6.2.jar;C:\Users\Stevens\.m2\repository\org\junit\jupiter\junit-jupiter-api\5.6.2\junit-jupiter-api-5.6.2.jar;C:\Users\Stevens\.m2\repository\org\apiguardian\apiguardian-api\1.1.0\apiguardian-api-1.1.0.jar;C:\Users\Stevens\.m2\repository\org\opentest4j\opentest4j\1.2.0\opentest4j-1.2.0.jar;C:\Users\Stevens\.m2\repository\org\junit\platform\junit-platform-commons\1.6.2\junit-platform-commons-1.6.2.jar;C:\Users\Stevens\.m2\repository\org\junit\jupiter\junit-jupiter-params\5.6.2\junit-jupiter-params-5.6.2.jar;C:\Users\Stevens\.m2\repository\org\junit\jupiter\junit-jupiter-engine\5.6.2\junit-jupiter-engine-5.6.2.jar;C:\Users\Stevens\.m2\repository\org\junit\platform\junit-platform-engine\1.6.2\junit-platform-engine-1.6.2.jar;C:\Users\Stevens\.m2\repository\org\assertj\assertj-core\3.13.1\assertj-core-3.13.1.jar;"/>
    <property name="sun.cpu.endian" value="little"/>
    <property name="user.home" value="C:\Users\Stevens"/>
    <property name="user.language" value="fr"/>
    <property name="java.specification.vendor" value="Oracle Corporation"/>
    <property name="java.home" value="E:\Jdk_Sdk\JDK"/>
    <property name="basedir" value="E:\Workplace_eclipse\calculator"/>
    <property name="file.separator" value="\"/>
    <property name="line.separator" value="&#10;"/>
    <property name="java.vm.specification.vendor" value="Oracle Corporation"/>
    <property name="java.specification.name" value="Java Platform API Specification"/>
    <property name="java.awt.graphicsenv" value="sun.awt.Win32GraphicsEnvironment"/>
    <property name="surefire.real.class.path" value="C:\Users\Stevens\AppData\Local\Temp\surefire7502913344843730992\surefirebooter2887241354966213762.jar;C:\\Users\\Stevens\\.m2\\repository\\org\\jacoco\\org.jacoco.agent\\0.8.5\\org.jacoco.agent-0.8.5-runtime.jar"/>
    <property name="sun.boot.class.path" value="E:\Jdk_Sdk\JDK\lib\resources.jar;E:\Jdk_Sdk\JDK\lib\rt.jar;E:\Jdk_Sdk\JDK\lib\sunrsasign.jar;E:\Jdk_Sdk\JDK\lib\jsse.jar;E:\Jdk_Sdk\JDK\lib\jce.jar;E:\Jdk_Sdk\JDK\lib\charsets.jar;E:\Jdk_Sdk\JDK\lib\jfr.jar;E:\Jdk_Sdk\JDK\classes"/>
    <property name="user.script" value=""/>
    <property name="sun.management.compiler" value="HotSpot 64-Bit Tiered Compilers"/>
    <property name="java.runtime.version" value="1.8.0_251-b08"/>
    <property name="user.name" value="Stevens"/>
    <property name="path.separator" value=";"/>
    <property name="os.version" value="10.0"/>
    <property name="java.endorsed.dirs" value="E:\Jdk_Sdk\JDK\lib\endorsed"/>
    <property name="java.runtime.name" value="Java(TM) SE Runtime Environment"/>
    <property name="file.encoding" value="Cp1252"/>
    <property name="java.vm.name" value="Java HotSpot(TM) 64-Bit Server VM"/>
    <property name="localRepository" value="C:\Users\Stevens\.m2\repository"/>
    <property name="java.vendor.url.bug" value="http://bugreport.sun.com/bugreport/"/>
    <property name="java.io.tmpdir" value="C:\Users\Stevens\AppData\Local\Temp\"/>
    <property name="java.version" value="1.8.0_251"/>
    <property name="user.dir" value="E:\Workplace_eclipse\calculator"/>
    <property name="os.arch" value="amd64"/>
    <property name="java.vm.specification.name" value="Java Virtual Machine Specification"/>
    <property name="java.awt.printerjob" value="sun.awt.windows.WPrinterJob"/>
    <property name="sun.os.patch.level" value=""/>
    <property name="java.library.path" value="E:\Jdk_Sdk\JDK\bin;C:\Windows\Sun\Java\bin;C:\Windows\system32;C:\Windows;E:/Jdk_Sdk/JDK/bin/server;E:/Jdk_Sdk/JDK/bin;E:/Jdk_Sdk/JDK/lib/amd64;C:\Program Files (x86)\Common Files\Oracle\Java\javapath;C:\Windows\system32;C:\Windows;C:\Windows\System32\Wbem;C:\Windows\System32\WindowsPowerShell\v1.0\;C:\Windows\System32\OpenSSH\;C:\Program Files (x86)\NVIDIA Corporation\PhysX\Common;C:\Program Files\NVIDIA Corporation\NVIDIA NvDLISR;E:\Git\Installation_Git\Git\cmd;E:\Apache_Maven\apache-maven-3.6.3\bin;C:\Users\Stevens\AppData\Local\Microsoft\WindowsApps;C:\Users\Stevens\AppData\Local\atom\bin;C:\Windows\system32;;."/>
    <property name="java.vm.info" value="mixed mode"/>
    <property name="java.vendor" value="Oracle Corporation"/>
    <property name="java.vm.version" value="25.251-b08"/>
    <property name="java.ext.dirs" value="E:\Jdk_Sdk\JDK\lib\ext;C:\Windows\Sun\Java\lib\ext"/>
    <property name="sun.io.unicode.encoding" value="UnicodeLittle"/>
    <property name="java.class.version" value="52.0"/>
  </properties>
  <testcase name="testAddTwoPositiveNumbers" classname="calculator.CalculatorTest" time="0.121"/>
  <testcase name="multiply_shouldReturnTheProduct_ofTwo_integer" classname="calculator.CalculatorTest" time="0.007"/>
  <testcase name="multiplyBy_zeroShouldBe_returnZero(int)[1]" classname="calculator.CalculatorTest" time="0.023"/>
  <testcase name="multiplyBy_zeroShouldBe_returnZero(int)[2]" classname="calculator.CalculatorTest" time="0.001"/>
  <testcase name="multiplyBy_zeroShouldBe_returnZero(int)[3]" classname="calculator.CalculatorTest" time="0.001"/>
  <testcase name="multiplyBy_zeroShouldBe_returnZero(int)[4]" classname="calculator.CalculatorTest" time="0.001"/>
  <testcase name="multiplyBy_zeroShouldBe_returnZero(int)[5]" classname="calculator.CalculatorTest" time="0.001"/>
  <testcase name="divise_shouldReturnResult" classname="calculator.CalculatorTest" time="0.002"/>
  <testcase name="add_shouldReturnThe_sum_ofMultipleIntegers(int, int, int)[1]" classname="calculator.CalculatorTest" time="0.001"/>
  <testcase name="add_shouldReturnThe_sum_ofMultipleIntegers(int, int, int)[2]" classname="calculator.CalculatorTest" time="0.001"/>
  <testcase name="add_shouldReturnThe_sum_ofMultipleIntegers(int, int, int)[3]" classname="calculator.CalculatorTest" time="0"/>
  <testcase name="longCalcul_shouldComputeInLessThan1Sec" classname="calculator.CalculatorTest" time="0.507"/>
</testsuite>